{"__type":"$$EventMessageWorkflow","id":"f8dfeec5-9eaf-4885-958c-f7d3810fd623","ts":"2026-01-02T11:27:52.607+05:30","eventName":"n8n.workflow.started","message":"n8n.workflow.started","payload":{"executionId":"107","workflowId":"QiQRSjroy4paPWll","isManual":false,"workflowName":"GhostRight-Fetch-Archives"}}
{"__type":"$$EventMessageConfirm","confirm":"f8dfeec5-9eaf-4885-958c-f7d3810fd623","ts":"2026-01-02T11:27:52.608+05:30","source":{"id":"0","name":"eventBus"}}
{"__type":"$$EventMessageNode","id":"4858875a-bfa7-412e-bafc-88f42cbad920","ts":"2026-01-02T11:27:52.609+05:30","eventName":"n8n.node.started","message":"n8n.node.started","payload":{"workflowId":"QiQRSjroy4paPWll","workflowName":"GhostRight-Fetch-Archives","executionId":"107","nodeType":"n8n-nodes-base.webhook","nodeName":"Webhook","nodeId":"1bceef58-a2eb-479d-b22f-71280a7705ed"}}
{"__type":"$$EventMessageConfirm","confirm":"4858875a-bfa7-412e-bafc-88f42cbad920","ts":"2026-01-02T11:27:52.609+05:30","source":{"id":"0","name":"eventBus"}}
{"__type":"$$EventMessageNode","id":"31f257fd-8edb-4eec-a171-b07c8dcc27f3","ts":"2026-01-02T11:27:52.611+05:30","eventName":"n8n.node.finished","message":"n8n.node.finished","payload":{"workflowId":"QiQRSjroy4paPWll","workflowName":"GhostRight-Fetch-Archives","executionId":"107","nodeType":"n8n-nodes-base.webhook","nodeName":"Webhook","nodeId":"1bceef58-a2eb-479d-b22f-71280a7705ed"}}
{"__type":"$$EventMessageConfirm","confirm":"31f257fd-8edb-4eec-a171-b07c8dcc27f3","ts":"2026-01-02T11:27:52.611+05:30","source":{"id":"0","name":"eventBus"}}
{"__type":"$$EventMessageNode","id":"985ea24a-bc02-461d-92c5-a0ec0c7e724e","ts":"2026-01-02T11:27:52.611+05:30","eventName":"n8n.node.started","message":"n8n.node.started","payload":{"workflowId":"QiQRSjroy4paPWll","workflowName":"GhostRight-Fetch-Archives","executionId":"107","nodeType":"n8n-nodes-base.googleSheets","nodeName":"Get Rows(AllRows)","nodeId":"3730cf10-ff33-4e40-a8fb-86aca8ae033c"}}
{"__type":"$$EventMessageConfirm","confirm":"985ea24a-bc02-461d-92c5-a0ec0c7e724e","ts":"2026-01-02T11:27:52.611+05:30","source":{"id":"0","name":"eventBus"}}
{"__type":"$$EventMessageNode","id":"5b81f321-1bc8-49df-acbf-52099b817042","ts":"2026-01-02T11:27:57.751+05:30","eventName":"n8n.node.finished","message":"n8n.node.finished","payload":{"workflowId":"QiQRSjroy4paPWll","workflowName":"GhostRight-Fetch-Archives","executionId":"107","nodeType":"n8n-nodes-base.googleSheets","nodeName":"Get Rows(AllRows)","nodeId":"3730cf10-ff33-4e40-a8fb-86aca8ae033c"}}
{"__type":"$$EventMessageConfirm","confirm":"5b81f321-1bc8-49df-acbf-52099b817042","ts":"2026-01-02T11:27:57.752+05:30","source":{"id":"0","name":"eventBus"}}
{"__type":"$$EventMessageWorkflow","id":"52ff7541-03bc-4565-9827-6c8593d77f6f","ts":"2026-01-02T11:27:57.755+05:30","eventName":"n8n.workflow.failed","message":"n8n.workflow.failed","payload":{"executionId":"107","success":false,"isManual":false,"workflowId":"QiQRSjroy4paPWll","workflowName":"GhostRight-Fetch-Archives","lastNodeExecuted":"Get Rows(AllRows)","errorNodeType":"n8n-nodes-base.googleSheets","errorMessage":"The DNS server returned an error, perhaps the server is offline"}}
{"__type":"$$EventMessageConfirm","confirm":"52ff7541-03bc-4565-9827-6c8593d77f6f","ts":"2026-01-02T11:27:57.755+05:30","source":{"id":"0","name":"eventBus"}}
{"__type":"$$EventMessageWorkflow","id":"118d9265-4327-405c-a34e-87603d4c6591","ts":"2026-01-02T11:27:57.916+05:30","eventName":"n8n.workflow.started","message":"n8n.workflow.started","payload":{"executionId":"108","workflowId":"QiQRSjroy4paPWll","isManual":false,"workflowName":"GhostRight-Fetch-Archives"}}
{"__type":"$$EventMessageConfirm","confirm":"118d9265-4327-405c-a34e-87603d4c6591","ts":"2026-01-02T11:27:57.917+05:30","source":{"id":"0","name":"eventBus"}}
{"__type":"$$EventMessageNode","id":"9525c9fd-32a2-43b0-9d0c-2d3b9463d3ee","ts":"2026-01-02T11:27:57.917+05:30","eventName":"n8n.node.started","message":"n8n.node.started","payload":{"workflowId":"QiQRSjroy4paPWll","workflowName":"GhostRight-Fetch-Archives","executionId":"108","nodeType":"n8n-nodes-base.webhook","nodeName":"Webhook","nodeId":"1bceef58-a2eb-479d-b22f-71280a7705ed"}}
{"__type":"$$EventMessageConfirm","confirm":"9525c9fd-32a2-43b0-9d0c-2d3b9463d3ee","ts":"2026-01-02T11:27:57.917+05:30","source":{"id":"0","name":"eventBus"}}
{"__type":"$$EventMessageNode","id":"84183376-0d1a-43af-ac61-a722eab89cd9","ts":"2026-01-02T11:27:57.918+05:30","eventName":"n8n.node.finished","message":"n8n.node.finished","payload":{"workflowId":"QiQRSjroy4paPWll","workflowName":"GhostRight-Fetch-Archives","executionId":"108","nodeType":"n8n-nodes-base.webhook","nodeName":"Webhook","nodeId":"1bceef58-a2eb-479d-b22f-71280a7705ed"}}
{"__type":"$$EventMessageConfirm","confirm":"84183376-0d1a-43af-ac61-a722eab89cd9","ts":"2026-01-02T11:27:57.918+05:30","source":{"id":"0","name":"eventBus"}}
{"__type":"$$EventMessageNode","id":"a5232f77-d1db-420f-ba1d-00f00124d957","ts":"2026-01-02T11:27:57.918+05:30","eventName":"n8n.node.started","message":"n8n.node.started","payload":{"workflowId":"QiQRSjroy4paPWll","workflowName":"GhostRight-Fetch-Archives","executionId":"108","nodeType":"n8n-nodes-base.googleSheets","nodeName":"Get Rows(AllRows)","nodeId":"3730cf10-ff33-4e40-a8fb-86aca8ae033c"}}
{"__type":"$$EventMessageConfirm","confirm":"a5232f77-d1db-420f-ba1d-00f00124d957","ts":"2026-01-02T11:27:57.918+05:30","source":{"id":"0","name":"eventBus"}}
{"__type":"$$EventMessageNode","id":"244c32c3-18cd-48a0-8595-8a663155d58a","ts":"2026-01-02T11:28:02.932+05:30","eventName":"n8n.node.finished","message":"n8n.node.finished","payload":{"workflowId":"QiQRSjroy4paPWll","workflowName":"GhostRight-Fetch-Archives","executionId":"108","nodeType":"n8n-nodes-base.googleSheets","nodeName":"Get Rows(AllRows)","nodeId":"3730cf10-ff33-4e40-a8fb-86aca8ae033c"}}
{"__type":"$$EventMessageConfirm","confirm":"244c32c3-18cd-48a0-8595-8a663155d58a","ts":"2026-01-02T11:28:02.933+05:30","source":{"id":"0","name":"eventBus"}}
{"__type":"$$EventMessageWorkflow","id":"c07a4f52-9962-494f-9d6a-7804adb06178","ts":"2026-01-02T11:28:02.933+05:30","eventName":"n8n.workflow.failed","message":"n8n.workflow.failed","payload":{"executionId":"108","success":false,"isManual":false,"workflowId":"QiQRSjroy4paPWll","workflowName":"GhostRight-Fetch-Archives","lastNodeExecuted":"Get Rows(AllRows)","errorNodeType":"n8n-nodes-base.googleSheets","errorMessage":"The DNS server returned an error, perhaps the server is offline"}}
{"__type":"$$EventMessageConfirm","confirm":"c07a4f52-9962-494f-9d6a-7804adb06178","ts":"2026-01-02T11:28:02.933+05:30","source":{"id":"0","name":"eventBus"}}
{"__type":"$$EventMessageWorkflow","id":"817cb601-f984-4e40-bf93-85987e00a73b","ts":"2026-01-02T11:29:05.534+05:30","eventName":"n8n.workflow.started","message":"n8n.workflow.started","payload":{"executionId":"109","workflowId":"QiQRSjroy4paPWll","isManual":false,"workflowName":"GhostRight-Fetch-Archives"}}
{"__type":"$$EventMessageConfirm","confirm":"817cb601-f984-4e40-bf93-85987e00a73b","ts":"2026-01-02T11:29:05.535+05:30","source":{"id":"0","name":"eventBus"}}
{"__type":"$$EventMessageNode","id":"628addaf-9aa6-4dd2-9109-2c7d5554b156","ts":"2026-01-02T11:29:05.535+05:30","eventName":"n8n.node.started","message":"n8n.node.started","payload":{"workflowId":"QiQRSjroy4paPWll","workflowName":"GhostRight-Fetch-Archives","executionId":"109","nodeType":"n8n-nodes-base.webhook","nodeName":"Webhook","nodeId":"1bceef58-a2eb-479d-b22f-71280a7705ed"}}
{"__type":"$$EventMessageConfirm","confirm":"628addaf-9aa6-4dd2-9109-2c7d5554b156","ts":"2026-01-02T11:29:05.535+05:30","source":{"id":"0","name":"eventBus"}}
{"__type":"$$EventMessageNode","id":"f3c84229-ab9c-4025-ad72-244bafb32fd3","ts":"2026-01-02T11:29:05.535+05:30","eventName":"n8n.node.finished","message":"n8n.node.finished","payload":{"workflowId":"QiQRSjroy4paPWll","workflowName":"GhostRight-Fetch-Archives","executionId":"109","nodeType":"n8n-nodes-base.webhook","nodeName":"Webhook","nodeId":"1bceef58-a2eb-479d-b22f-71280a7705ed"}}
{"__type":"$$EventMessageConfirm","confirm":"f3c84229-ab9c-4025-ad72-244bafb32fd3","ts":"2026-01-02T11:29:05.535+05:30","source":{"id":"0","name":"eventBus"}}
{"__type":"$$EventMessageNode","id":"f0f5d314-659f-48d4-861c-5128c3180fab","ts":"2026-01-02T11:29:05.535+05:30","eventName":"n8n.node.started","message":"n8n.node.started","payload":{"workflowId":"QiQRSjroy4paPWll","workflowName":"GhostRight-Fetch-Archives","executionId":"109","nodeType":"n8n-nodes-base.googleSheets","nodeName":"Get Rows(AllRows)","nodeId":"3730cf10-ff33-4e40-a8fb-86aca8ae033c"}}
{"__type":"$$EventMessageConfirm","confirm":"f0f5d314-659f-48d4-861c-5128c3180fab","ts":"2026-01-02T11:29:05.535+05:30","source":{"id":"0","name":"eventBus"}}
{"__type":"$$EventMessageNode","id":"d936ecb1-0bd0-4721-9183-f156eacc2429","ts":"2026-01-02T11:29:08.745+05:30","eventName":"n8n.node.finished","message":"n8n.node.finished","payload":{"workflowId":"QiQRSjroy4paPWll","workflowName":"GhostRight-Fetch-Archives","executionId":"109","nodeType":"n8n-nodes-base.googleSheets","nodeName":"Get Rows(AllRows)","nodeId":"3730cf10-ff33-4e40-a8fb-86aca8ae033c"}}
{"__type":"$$EventMessageConfirm","confirm":"d936ecb1-0bd0-4721-9183-f156eacc2429","ts":"2026-01-02T11:29:08.745+05:30","source":{"id":"0","name":"eventBus"}}
{"__type":"$$EventMessageNode","id":"96e4a6ce-dc2e-4c1d-a195-aa1e43c52a97","ts":"2026-01-02T11:29:08.745+05:30","eventName":"n8n.node.started","message":"n8n.node.started","payload":{"workflowId":"QiQRSjroy4paPWll","workflowName":"GhostRight-Fetch-Archives","executionId":"109","nodeType":"n8n-nodes-base.filter","nodeName":"Filter","nodeId":"71687b77-6e5a-49ab-a09d-d52db2dd15c4"}}
{"__type":"$$EventMessageConfirm","confirm":"96e4a6ce-dc2e-4c1d-a195-aa1e43c52a97","ts":"2026-01-02T11:29:08.745+05:30","source":{"id":"0","name":"eventBus"}}
{"__type":"$$EventMessageNode","id":"9cd27a5f-5513-4e53-8aca-2c3144356918","ts":"2026-01-02T11:29:08.763+05:30","eventName":"n8n.node.finished","message":"n8n.node.finished","payload":{"workflowId":"QiQRSjroy4paPWll","workflowName":"GhostRight-Fetch-Archives","executionId":"109","nodeType":"n8n-nodes-base.filter","nodeName":"Filter","nodeId":"71687b77-6e5a-49ab-a09d-d52db2dd15c4"}}
{"__type":"$$EventMessageConfirm","confirm":"9cd27a5f-5513-4e53-8aca-2c3144356918","ts":"2026-01-02T11:29:08.763+05:30","source":{"id":"0","name":"eventBus"}}
{"__type":"$$EventMessageNode","id":"309d2575-07e4-458e-9bbc-1e55b3caf8e7","ts":"2026-01-02T11:29:08.763+05:30","eventName":"n8n.node.started","message":"n8n.node.started","payload":{"workflowId":"QiQRSjroy4paPWll","workflowName":"GhostRight-Fetch-Archives","executionId":"109","nodeType":"n8n-nodes-base.respondToWebhook","nodeName":"Respond to Webhook","nodeId":"d9c85685-6188-402b-b228-e1310ddadc69"}}
{"__type":"$$EventMessageConfirm","confirm":"309d2575-07e4-458e-9bbc-1e55b3caf8e7","ts":"2026-01-02T11:29:08.763+05:30","source":{"id":"0","name":"eventBus"}}
{"__type":"$$EventMessageNode","id":"bbfea130-df37-4ad3-8e66-bffa28068cab","ts":"2026-01-02T11:29:08.776+05:30","eventName":"n8n.node.finished","message":"n8n.node.finished","payload":{"workflowId":"QiQRSjroy4paPWll","workflowName":"GhostRight-Fetch-Archives","executionId":"109","nodeType":"n8n-nodes-base.respondToWebhook","nodeName":"Respond to Webhook","nodeId":"d9c85685-6188-402b-b228-e1310ddadc69"}}
{"__type":"$$EventMessageConfirm","confirm":"bbfea130-df37-4ad3-8e66-bffa28068cab","ts":"2026-01-02T11:29:08.777+05:30","source":{"id":"0","name":"eventBus"}}
{"__type":"$$EventMessageWorkflow","id":"562ae9a3-b218-420a-bd68-09c45525985c","ts":"2026-01-02T11:29:08.777+05:30","eventName":"n8n.workflow.success","message":"n8n.workflow.success","payload":{"executionId":"109","success":true,"isManual":false,"workflowId":"QiQRSjroy4paPWll","workflowName":"GhostRight-Fetch-Archives"}}
{"__type":"$$EventMessageConfirm","confirm":"562ae9a3-b218-420a-bd68-09c45525985c","ts":"2026-01-02T11:29:08.777+05:30","source":{"id":"0","name":"eventBus"}}
{"__type":"$$EventMessageWorkflow","id":"18cb6ee7-1930-4b2b-be52-9fc33f42286e","ts":"2026-01-02T11:29:08.846+05:30","eventName":"n8n.workflow.started","message":"n8n.workflow.started","payload":{"executionId":"110","workflowId":"QiQRSjroy4paPWll","isManual":false,"workflowName":"GhostRight-Fetch-Archives"}}
{"__type":"$$EventMessageConfirm","confirm":"18cb6ee7-1930-4b2b-be52-9fc33f42286e","ts":"2026-01-02T11:29:08.846+05:30","source":{"id":"0","name":"eventBus"}}
{"__type":"$$EventMessageNode","id":"13560e14-8fc2-4ba7-81f3-7e5e9fdfeac8","ts":"2026-01-02T11:29:08.846+05:30","eventName":"n8n.node.started","message":"n8n.node.started","payload":{"workflowId":"QiQRSjroy4paPWll","workflowName":"GhostRight-Fetch-Archives","executionId":"110","nodeType":"n8n-nodes-base.webhook","nodeName":"Webhook","nodeId":"1bceef58-a2eb-479d-b22f-71280a7705ed"}}
{"__type":"$$EventMessageConfirm","confirm":"13560e14-8fc2-4ba7-81f3-7e5e9fdfeac8","ts":"2026-01-02T11:29:08.846+05:30","source":{"id":"0","name":"eventBus"}}
{"__type":"$$EventMessageNode","id":"3cd28de6-fb0a-4b3a-aa99-21f17dfc7621","ts":"2026-01-02T11:29:08.846+05:30","eventName":"n8n.node.finished","message":"n8n.node.finished","payload":{"workflowId":"QiQRSjroy4paPWll","workflowName":"GhostRight-Fetch-Archives","executionId":"110","nodeType":"n8n-nodes-base.webhook","nodeName":"Webhook","nodeId":"1bceef58-a2eb-479d-b22f-71280a7705ed"}}
{"__type":"$$EventMessageConfirm","confirm":"3cd28de6-fb0a-4b3a-aa99-21f17dfc7621","ts":"2026-01-02T11:29:08.847+05:30","source":{"id":"0","name":"eventBus"}}
{"__type":"$$EventMessageNode","id":"3d76e6e3-c1ce-461c-8bc3-f8d5bd0814ae","ts":"2026-01-02T11:29:08.847+05:30","eventName":"n8n.node.started","message":"n8n.node.started","payload":{"workflowId":"QiQRSjroy4paPWll","workflowName":"GhostRight-Fetch-Archives","executionId":"110","nodeType":"n8n-nodes-base.googleSheets","nodeName":"Get Rows(AllRows)","nodeId":"3730cf10-ff33-4e40-a8fb-86aca8ae033c"}}
{"__type":"$$EventMessageConfirm","confirm":"3d76e6e3-c1ce-461c-8bc3-f8d5bd0814ae","ts":"2026-01-02T11:29:08.847+05:30","source":{"id":"0","name":"eventBus"}}
{"__type":"$$EventMessageNode","id":"17a01010-e257-4290-8e1b-b34d90d3f9fa","ts":"2026-01-02T11:29:12.751+05:30","eventName":"n8n.node.finished","message":"n8n.node.finished","payload":{"workflowId":"QiQRSjroy4paPWll","workflowName":"GhostRight-Fetch-Archives","executionId":"110","nodeType":"n8n-nodes-base.googleSheets","nodeName":"Get Rows(AllRows)","nodeId":"3730cf10-ff33-4e40-a8fb-86aca8ae033c"}}
{"__type":"$$EventMessageConfirm","confirm":"17a01010-e257-4290-8e1b-b34d90d3f9fa","ts":"2026-01-02T11:29:12.752+05:30","source":{"id":"0","name":"eventBus"}}
{"__type":"$$EventMessageNode","id":"7de2a546-aefe-4da1-89cb-37d6ffe2ee73","ts":"2026-01-02T11:29:12.752+05:30","eventName":"n8n.node.started","message":"n8n.node.started","payload":{"workflowId":"QiQRSjroy4paPWll","workflowName":"GhostRight-Fetch-Archives","executionId":"110","nodeType":"n8n-nodes-base.filter","nodeName":"Filter","nodeId":"71687b77-6e5a-49ab-a09d-d52db2dd15c4"}}
{"__type":"$$EventMessageConfirm","confirm":"7de2a546-aefe-4da1-89cb-37d6ffe2ee73","ts":"2026-01-02T11:29:12.752+05:30","source":{"id":"0","name":"eventBus"}}
{"__type":"$$EventMessageNode","id":"6ca8432c-be6b-4641-9fbc-9743a962c650","ts":"2026-01-02T11:29:12.762+05:30","eventName":"n8n.node.finished","message":"n8n.node.finished","payload":{"workflowId":"QiQRSjroy4paPWll","workflowName":"GhostRight-Fetch-Archives","executionId":"110","nodeType":"n8n-nodes-base.filter","nodeName":"Filter","nodeId":"71687b77-6e5a-49ab-a09d-d52db2dd15c4"}}
{"__type":"$$EventMessageConfirm","confirm":"6ca8432c-be6b-4641-9fbc-9743a962c650","ts":"2026-01-02T11:29:12.762+05:30","source":{"id":"0","name":"eventBus"}}
{"__type":"$$EventMessageNode","id":"644b1d8f-3354-4f55-942f-fc554f89a3c8","ts":"2026-01-02T11:29:12.762+05:30","eventName":"n8n.node.started","message":"n8n.node.started","payload":{"workflowId":"QiQRSjroy4paPWll","workflowName":"GhostRight-Fetch-Archives","executionId":"110","nodeType":"n8n-nodes-base.respondToWebhook","nodeName":"Respond to Webhook","nodeId":"d9c85685-6188-402b-b228-e1310ddadc69"}}
{"__type":"$$EventMessageConfirm","confirm":"644b1d8f-3354-4f55-942f-fc554f89a3c8","ts":"2026-01-02T11:29:12.762+05:30","source":{"id":"0","name":"eventBus"}}
{"__type":"$$EventMessageNode","id":"5427d9aa-d0ea-4af4-8f71-bf2de45ae10f","ts":"2026-01-02T11:29:12.764+05:30","eventName":"n8n.node.finished","message":"n8n.node.finished","payload":{"workflowId":"QiQRSjroy4paPWll","workflowName":"GhostRight-Fetch-Archives","executionId":"110","nodeType":"n8n-nodes-base.respondToWebhook","nodeName":"Respond to Webhook","nodeId":"d9c85685-6188-402b-b228-e1310ddadc69"}}
{"__type":"$$EventMessageConfirm","confirm":"5427d9aa-d0ea-4af4-8f71-bf2de45ae10f","ts":"2026-01-02T11:29:12.764+05:30","source":{"id":"0","name":"eventBus"}}
{"__type":"$$EventMessageWorkflow","id":"d46fe63d-b626-4074-bdf3-0dfc95152aa9","ts":"2026-01-02T11:29:12.764+05:30","eventName":"n8n.workflow.success","message":"n8n.workflow.success","payload":{"executionId":"110","success":true,"isManual":false,"workflowId":"QiQRSjroy4paPWll","workflowName":"GhostRight-Fetch-Archives"}}
{"__type":"$$EventMessageConfirm","confirm":"d46fe63d-b626-4074-bdf3-0dfc95152aa9","ts":"2026-01-02T11:29:12.764+05:30","source":{"id":"0","name":"eventBus"}}
{"__type":"$$EventMessageWorkflow","id":"9cf1ac38-3e3f-447b-8ea5-7701c081f18c","ts":"2026-01-02T11:31:24.283+05:30","eventName":"n8n.workflow.started","message":"n8n.workflow.started","payload":{"executionId":"111","workflowId":"QiQRSjroy4paPWll","isManual":false,"workflowName":"GhostRight-Fetch-Archives"}}
{"__type":"$$EventMessageConfirm","confirm":"9cf1ac38-3e3f-447b-8ea5-7701c081f18c","ts":"2026-01-02T11:31:24.284+05:30","source":{"id":"0","name":"eventBus"}}
{"__type":"$$EventMessageNode","id":"aa884aba-1d9a-40d6-bd0b-e1553ed0f206","ts":"2026-01-02T11:31:24.284+05:30","eventName":"n8n.node.started","message":"n8n.node.started","payload":{"workflowId":"QiQRSjroy4paPWll","workflowName":"GhostRight-Fetch-Archives","executionId":"111","nodeType":"n8n-nodes-base.webhook","nodeName":"Webhook","nodeId":"1bceef58-a2eb-479d-b22f-71280a7705ed"}}
{"__type":"$$EventMessageConfirm","confirm":"aa884aba-1d9a-40d6-bd0b-e1553ed0f206","ts":"2026-01-02T11:31:24.284+05:30","source":{"id":"0","name":"eventBus"}}
{"__type":"$$EventMessageNode","id":"298406d5-c9f1-4b99-a644-498bf61224f0","ts":"2026-01-02T11:31:24.285+05:30","eventName":"n8n.node.finished","message":"n8n.node.finished","payload":{"workflowId":"QiQRSjroy4paPWll","workflowName":"GhostRight-Fetch-Archives","executionId":"111","nodeType":"n8n-nodes-base.webhook","nodeName":"Webhook","nodeId":"1bceef58-a2eb-479d-b22f-71280a7705ed"}}
{"__type":"$$EventMessageConfirm","confirm":"298406d5-c9f1-4b99-a644-498bf61224f0","ts":"2026-01-02T11:31:24.286+05:30","source":{"id":"0","name":"eventBus"}}
{"__type":"$$EventMessageNode","id":"53f5e93f-c9bf-4ca1-a015-37bc9af02a73","ts":"2026-01-02T11:31:24.286+05:30","eventName":"n8n.node.started","message":"n8n.node.started","payload":{"workflowId":"QiQRSjroy4paPWll","workflowName":"GhostRight-Fetch-Archives","executionId":"111","nodeType":"n8n-nodes-base.googleSheets","nodeName":"Get Rows(AllRows)","nodeId":"3730cf10-ff33-4e40-a8fb-86aca8ae033c"}}
{"__type":"$$EventMessageConfirm","confirm":"53f5e93f-c9bf-4ca1-a015-37bc9af02a73","ts":"2026-01-02T11:31:24.286+05:30","source":{"id":"0","name":"eventBus"}}
{"__type":"$$EventMessageNode","id":"a02f907f-854b-44d6-a2f0-dc11dd2ef972","ts":"2026-01-02T11:31:29.182+05:30","eventName":"n8n.node.finished","message":"n8n.node.finished","payload":{"workflowId":"QiQRSjroy4paPWll","workflowName":"GhostRight-Fetch-Archives","executionId":"111","nodeType":"n8n-nodes-base.googleSheets","nodeName":"Get Rows(AllRows)","nodeId":"3730cf10-ff33-4e40-a8fb-86aca8ae033c"}}
{"__type":"$$EventMessageConfirm","confirm":"a02f907f-854b-44d6-a2f0-dc11dd2ef972","ts":"2026-01-02T11:31:29.182+05:30","source":{"id":"0","name":"eventBus"}}
{"__type":"$$EventMessageNode","id":"d712a2e3-6c1d-49bc-8c67-fba8a73e117d","ts":"2026-01-02T11:31:29.182+05:30","eventName":"n8n.node.started","message":"n8n.node.started","payload":{"workflowId":"QiQRSjroy4paPWll","workflowName":"GhostRight-Fetch-Archives","executionId":"111","nodeType":"n8n-nodes-base.filter","nodeName":"Filter","nodeId":"71687b77-6e5a-49ab-a09d-d52db2dd15c4"}}
{"__type":"$$EventMessageConfirm","confirm":"d712a2e3-6c1d-49bc-8c67-fba8a73e117d","ts":"2026-01-02T11:31:29.182+05:30","source":{"id":"0","name":"eventBus"}}
{"__type":"$$EventMessageNode","id":"9d7eeefe-1000-43e8-9c8a-d6fb077a0be6","ts":"2026-01-02T11:31:29.188+05:30","eventName":"n8n.node.finished","message":"n8n.node.finished","payload":{"workflowId":"QiQRSjroy4paPWll","workflowName":"GhostRight-Fetch-Archives","executionId":"111","nodeType":"n8n-nodes-base.filter","nodeName":"Filter","nodeId":"71687b77-6e5a-49ab-a09d-d52db2dd15c4"}}
{"__type":"$$EventMessageConfirm","confirm":"9d7eeefe-1000-43e8-9c8a-d6fb077a0be6","ts":"2026-01-02T11:31:29.188+05:30","source":{"id":"0","name":"eventBus"}}
{"__type":"$$EventMessageNode","id":"8cdbf0ed-ce9c-47c2-b121-f0dfed8bbc3e","ts":"2026-01-02T11:31:29.188+05:30","eventName":"n8n.node.started","message":"n8n.node.started","payload":{"workflowId":"QiQRSjroy4paPWll","workflowName":"GhostRight-Fetch-Archives","executionId":"111","nodeType":"n8n-nodes-base.respondToWebhook","nodeName":"Respond to Webhook","nodeId":"d9c85685-6188-402b-b228-e1310ddadc69"}}
{"__type":"$$EventMessageConfirm","confirm":"8cdbf0ed-ce9c-47c2-b121-f0dfed8bbc3e","ts":"2026-01-02T11:31:29.188+05:30","source":{"id":"0","name":"eventBus"}}
{"__type":"$$EventMessageNode","id":"c4489ca1-a372-43f5-a631-30c14f79f584","ts":"2026-01-02T11:31:29.189+05:30","eventName":"n8n.node.finished","message":"n8n.node.finished","payload":{"workflowId":"QiQRSjroy4paPWll","workflowName":"GhostRight-Fetch-Archives","executionId":"111","nodeType":"n8n-nodes-base.respondToWebhook","nodeName":"Respond to Webhook","nodeId":"d9c85685-6188-402b-b228-e1310ddadc69"}}
{"__type":"$$EventMessageConfirm","confirm":"c4489ca1-a372-43f5-a631-30c14f79f584","ts":"2026-01-02T11:31:29.190+05:30","source":{"id":"0","name":"eventBus"}}
{"__type":"$$EventMessageWorkflow","id":"3698d300-bf03-4e3e-8924-4de9301af7b6","ts":"2026-01-02T11:31:29.190+05:30","eventName":"n8n.workflow.success","message":"n8n.workflow.success","payload":{"executionId":"111","success":true,"isManual":false,"workflowId":"QiQRSjroy4paPWll","workflowName":"GhostRight-Fetch-Archives"}}
{"__type":"$$EventMessageConfirm","confirm":"3698d300-bf03-4e3e-8924-4de9301af7b6","ts":"2026-01-02T11:31:29.190+05:30","source":{"id":"0","name":"eventBus"}}
{"__type":"$$EventMessageWorkflow","id":"b02a6fa6-8432-4a3d-a254-f0fc006e2af3","ts":"2026-01-02T11:31:29.255+05:30","eventName":"n8n.workflow.started","message":"n8n.workflow.started","payload":{"executionId":"112","workflowId":"QiQRSjroy4paPWll","isManual":false,"workflowName":"GhostRight-Fetch-Archives"}}
{"__type":"$$EventMessageConfirm","confirm":"b02a6fa6-8432-4a3d-a254-f0fc006e2af3","ts":"2026-01-02T11:31:29.256+05:30","source":{"id":"0","name":"eventBus"}}
{"__type":"$$EventMessageNode","id":"2f4fcb71-2f39-417f-a783-62ab5c653867","ts":"2026-01-02T11:31:29.256+05:30","eventName":"n8n.node.started","message":"n8n.node.started","payload":{"workflowId":"QiQRSjroy4paPWll","workflowName":"GhostRight-Fetch-Archives","executionId":"112","nodeType":"n8n-nodes-base.webhook","nodeName":"Webhook","nodeId":"1bceef58-a2eb-479d-b22f-71280a7705ed"}}
{"__type":"$$EventMessageConfirm","confirm":"2f4fcb71-2f39-417f-a783-62ab5c653867","ts":"2026-01-02T11:31:29.257+05:30","source":{"id":"0","name":"eventBus"}}
{"__type":"$$EventMessageNode","id":"4e247be6-925d-44f5-b500-306a4d719c4c","ts":"2026-01-02T11:31:29.257+05:30","eventName":"n8n.node.finished","message":"n8n.node.finished","payload":{"workflowId":"QiQRSjroy4paPWll","workflowName":"GhostRight-Fetch-Archives","executionId":"112","nodeType":"n8n-nodes-base.webhook","nodeName":"Webhook","nodeId":"1bceef58-a2eb-479d-b22f-71280a7705ed"}}
{"__type":"$$EventMessageConfirm","confirm":"4e247be6-925d-44f5-b500-306a4d719c4c","ts":"2026-01-02T11:31:29.257+05:30","source":{"id":"0","name":"eventBus"}}
{"__type":"$$EventMessageNode","id":"55af314f-4666-4b76-b735-67bb4374174f","ts":"2026-01-02T11:31:29.258+05:30","eventName":"n8n.node.started","message":"n8n.node.started","payload":{"workflowId":"QiQRSjroy4paPWll","workflowName":"GhostRight-Fetch-Archives","executionId":"112","nodeType":"n8n-nodes-base.googleSheets","nodeName":"Get Rows(AllRows)","nodeId":"3730cf10-ff33-4e40-a8fb-86aca8ae033c"}}
{"__type":"$$EventMessageConfirm","confirm":"55af314f-4666-4b76-b735-67bb4374174f","ts":"2026-01-02T11:31:29.258+05:30","source":{"id":"0","name":"eventBus"}}
{"__type":"$$EventMessageNode","id":"4fed307c-1030-4036-a97f-964ff68a336d","ts":"2026-01-02T11:31:31.898+05:30","eventName":"n8n.node.finished","message":"n8n.node.finished","payload":{"workflowId":"QiQRSjroy4paPWll","workflowName":"GhostRight-Fetch-Archives","executionId":"112","nodeType":"n8n-nodes-base.googleSheets","nodeName":"Get Rows(AllRows)","nodeId":"3730cf10-ff33-4e40-a8fb-86aca8ae033c"}}
{"__type":"$$EventMessageConfirm","confirm":"4fed307c-1030-4036-a97f-964ff68a336d","ts":"2026-01-02T11:31:31.898+05:30","source":{"id":"0","name":"eventBus"}}
{"__type":"$$EventMessageNode","id":"7a604e37-f897-403f-b3ee-dffb8df43389","ts":"2026-01-02T11:31:31.898+05:30","eventName":"n8n.node.started","message":"n8n.node.started","payload":{"workflowId":"QiQRSjroy4paPWll","workflowName":"GhostRight-Fetch-Archives","executionId":"112","nodeType":"n8n-nodes-base.filter","nodeName":"Filter","nodeId":"71687b77-6e5a-49ab-a09d-d52db2dd15c4"}}
{"__type":"$$EventMessageConfirm","confirm":"7a604e37-f897-403f-b3ee-dffb8df43389","ts":"2026-01-02T11:31:31.898+05:30","source":{"id":"0","name":"eventBus"}}
{"__type":"$$EventMessageNode","id":"ce86975f-84e4-4732-ac38-43d898be54b8","ts":"2026-01-02T11:31:31.902+05:30","eventName":"n8n.node.finished","message":"n8n.node.finished","payload":{"workflowId":"QiQRSjroy4paPWll","workflowName":"GhostRight-Fetch-Archives","executionId":"112","nodeType":"n8n-nodes-base.filter","nodeName":"Filter","nodeId":"71687b77-6e5a-49ab-a09d-d52db2dd15c4"}}
{"__type":"$$EventMessageConfirm","confirm":"ce86975f-84e4-4732-ac38-43d898be54b8","ts":"2026-01-02T11:31:31.902+05:30","source":{"id":"0","name":"eventBus"}}
{"__type":"$$EventMessageNode","id":"d39bfebd-5212-4434-8830-70289abd1f65","ts":"2026-01-02T11:31:31.903+05:30","eventName":"n8n.node.started","message":"n8n.node.started","payload":{"workflowId":"QiQRSjroy4paPWll","workflowName":"GhostRight-Fetch-Archives","executionId":"112","nodeType":"n8n-nodes-base.respondToWebhook","nodeName":"Respond to Webhook","nodeId":"d9c85685-6188-402b-b228-e1310ddadc69"}}
{"__type":"$$EventMessageConfirm","confirm":"d39bfebd-5212-4434-8830-70289abd1f65","ts":"2026-01-02T11:31:31.903+05:30","source":{"id":"0","name":"eventBus"}}
{"__type":"$$EventMessageNode","id":"860a8084-d09b-4397-87e7-53de467c0682","ts":"2026-01-02T11:31:31.913+05:30","eventName":"n8n.node.finished","message":"n8n.node.finished","payload":{"workflowId":"QiQRSjroy4paPWll","workflowName":"GhostRight-Fetch-Archives","executionId":"112","nodeType":"n8n-nodes-base.respondToWebhook","nodeName":"Respond to Webhook","nodeId":"d9c85685-6188-402b-b228-e1310ddadc69"}}
{"__type":"$$EventMessageConfirm","confirm":"860a8084-d09b-4397-87e7-53de467c0682","ts":"2026-01-02T11:31:31.914+05:30","source":{"id":"0","name":"eventBus"}}
{"__type":"$$EventMessageWorkflow","id":"9f032d04-1b86-4215-a44c-0a2d36b2febc","ts":"2026-01-02T11:31:31.914+05:30","eventName":"n8n.workflow.success","message":"n8n.workflow.success","payload":{"executionId":"112","success":true,"isManual":false,"workflowId":"QiQRSjroy4paPWll","workflowName":"GhostRight-Fetch-Archives"}}
{"__type":"$$EventMessageConfirm","confirm":"9f032d04-1b86-4215-a44c-0a2d36b2febc","ts":"2026-01-02T11:31:31.915+05:30","source":{"id":"0","name":"eventBus"}}
{"__type":"$$EventMessageWorkflow","id":"3dd5846c-f935-474a-a9d2-1694ef81b318","ts":"2026-01-02T11:34:14.120+05:30","eventName":"n8n.workflow.started","message":"n8n.workflow.started","payload":{"executionId":"113","workflowId":"QiQRSjroy4paPWll","isManual":false,"workflowName":"GhostRight-Fetch-Archives"}}
{"__type":"$$EventMessageConfirm","confirm":"3dd5846c-f935-474a-a9d2-1694ef81b318","ts":"2026-01-02T11:34:14.120+05:30","source":{"id":"0","name":"eventBus"}}
{"__type":"$$EventMessageNode","id":"46c95758-a558-4288-811f-0038a7fc1670","ts":"2026-01-02T11:34:14.121+05:30","eventName":"n8n.node.started","message":"n8n.node.started","payload":{"workflowId":"QiQRSjroy4paPWll","workflowName":"GhostRight-Fetch-Archives","executionId":"113","nodeType":"n8n-nodes-base.webhook","nodeName":"Webhook","nodeId":"1bceef58-a2eb-479d-b22f-71280a7705ed"}}
{"__type":"$$EventMessageConfirm","confirm":"46c95758-a558-4288-811f-0038a7fc1670","ts":"2026-01-02T11:34:14.121+05:30","source":{"id":"0","name":"eventBus"}}
{"__type":"$$EventMessageNode","id":"4eac596a-a0cc-4125-993e-1fcb16787b6a","ts":"2026-01-02T11:34:14.121+05:30","eventName":"n8n.node.finished","message":"n8n.node.finished","payload":{"workflowId":"QiQRSjroy4paPWll","workflowName":"GhostRight-Fetch-Archives","executionId":"113","nodeType":"n8n-nodes-base.webhook","nodeName":"Webhook","nodeId":"1bceef58-a2eb-479d-b22f-71280a7705ed"}}
{"__type":"$$EventMessageConfirm","confirm":"4eac596a-a0cc-4125-993e-1fcb16787b6a","ts":"2026-01-02T11:34:14.121+05:30","source":{"id":"0","name":"eventBus"}}
{"__type":"$$EventMessageNode","id":"2713a318-d7a5-4c5c-b65d-d664e1dff025","ts":"2026-01-02T11:34:14.121+05:30","eventName":"n8n.node.started","message":"n8n.node.started","payload":{"workflowId":"QiQRSjroy4paPWll","workflowName":"GhostRight-Fetch-Archives","executionId":"113","nodeType":"n8n-nodes-base.googleSheets","nodeName":"Get Rows(AllRows)","nodeId":"3730cf10-ff33-4e40-a8fb-86aca8ae033c"}}
{"__type":"$$EventMessageConfirm","confirm":"2713a318-d7a5-4c5c-b65d-d664e1dff025","ts":"2026-01-02T11:34:14.121+05:30","source":{"id":"0","name":"eventBus"}}
{"__type":"$$EventMessageNode","id":"a8313419-ba20-4a01-b744-7eb57ead559f","ts":"2026-01-02T11:34:16.929+05:30","eventName":"n8n.node.finished","message":"n8n.node.finished","payload":{"workflowId":"QiQRSjroy4paPWll","workflowName":"GhostRight-Fetch-Archives","executionId":"113","nodeType":"n8n-nodes-base.googleSheets","nodeName":"Get Rows(AllRows)","nodeId":"3730cf10-ff33-4e40-a8fb-86aca8ae033c"}}
{"__type":"$$EventMessageConfirm","confirm":"a8313419-ba20-4a01-b744-7eb57ead559f","ts":"2026-01-02T11:34:16.929+05:30","source":{"id":"0","name":"eventBus"}}
{"__type":"$$EventMessageNode","id":"1cfacfdc-fa24-48bb-8b25-22ffd51bea99","ts":"2026-01-02T11:34:16.929+05:30","eventName":"n8n.node.started","message":"n8n.node.started","payload":{"workflowId":"QiQRSjroy4paPWll","workflowName":"GhostRight-Fetch-Archives","executionId":"113","nodeType":"n8n-nodes-base.filter","nodeName":"Filter","nodeId":"71687b77-6e5a-49ab-a09d-d52db2dd15c4"}}
{"__type":"$$EventMessageConfirm","confirm":"1cfacfdc-fa24-48bb-8b25-22ffd51bea99","ts":"2026-01-02T11:34:16.929+05:30","source":{"id":"0","name":"eventBus"}}
{"__type":"$$EventMessageNode","id":"4c635de6-37c1-43d8-aee9-175bebfa46e9","ts":"2026-01-02T11:34:16.934+05:30","eventName":"n8n.node.finished","message":"n8n.node.finished","payload":{"workflowId":"QiQRSjroy4paPWll","workflowName":"GhostRight-Fetch-Archives","executionId":"113","nodeType":"n8n-nodes-base.filter","nodeName":"Filter","nodeId":"71687b77-6e5a-49ab-a09d-d52db2dd15c4"}}
{"__type":"$$EventMessageConfirm","confirm":"4c635de6-37c1-43d8-aee9-175bebfa46e9","ts":"2026-01-02T11:34:16.934+05:30","source":{"id":"0","name":"eventBus"}}
{"__type":"$$EventMessageNode","id":"86c4d98b-2dfc-4c84-b0ae-1d6a97400242","ts":"2026-01-02T11:34:16.934+05:30","eventName":"n8n.node.started","message":"n8n.node.started","payload":{"workflowId":"QiQRSjroy4paPWll","workflowName":"GhostRight-Fetch-Archives","executionId":"113","nodeType":"n8n-nodes-base.respondToWebhook","nodeName":"Respond to Webhook","nodeId":"d9c85685-6188-402b-b228-e1310ddadc69"}}
{"__type":"$$EventMessageConfirm","confirm":"86c4d98b-2dfc-4c84-b0ae-1d6a97400242","ts":"2026-01-02T11:34:16.934+05:30","source":{"id":"0","name":"eventBus"}}
{"__type":"$$EventMessageNode","id":"f00e4522-f995-4787-959e-935b8dab733b","ts":"2026-01-02T11:34:16.936+05:30","eventName":"n8n.node.finished","message":"n8n.node.finished","payload":{"workflowId":"QiQRSjroy4paPWll","workflowName":"GhostRight-Fetch-Archives","executionId":"113","nodeType":"n8n-nodes-base.respondToWebhook","nodeName":"Respond to Webhook","nodeId":"d9c85685-6188-402b-b228-e1310ddadc69"}}
{"__type":"$$EventMessageConfirm","confirm":"f00e4522-f995-4787-959e-935b8dab733b","ts":"2026-01-02T11:34:16.936+05:30","source":{"id":"0","name":"eventBus"}}
{"__type":"$$EventMessageWorkflow","id":"40d45cdf-92cd-4cd5-a20d-d48d2248d9da","ts":"2026-01-02T11:34:16.936+05:30","eventName":"n8n.workflow.success","message":"n8n.workflow.success","payload":{"executionId":"113","success":true,"isManual":false,"workflowId":"QiQRSjroy4paPWll","workflowName":"GhostRight-Fetch-Archives"}}
{"__type":"$$EventMessageConfirm","confirm":"40d45cdf-92cd-4cd5-a20d-d48d2248d9da","ts":"2026-01-02T11:34:16.936+05:30","source":{"id":"0","name":"eventBus"}}
{"__type":"$$EventMessageWorkflow","id":"c1081d05-7265-49e6-8edb-2f03ae769f55","ts":"2026-01-02T11:34:17.024+05:30","eventName":"n8n.workflow.started","message":"n8n.workflow.started","payload":{"executionId":"114","workflowId":"QiQRSjroy4paPWll","isManual":false,"workflowName":"GhostRight-Fetch-Archives"}}
{"__type":"$$EventMessageConfirm","confirm":"c1081d05-7265-49e6-8edb-2f03ae769f55","ts":"2026-01-02T11:34:17.024+05:30","source":{"id":"0","name":"eventBus"}}
{"__type":"$$EventMessageNode","id":"0b7f8ecf-fdb9-42f7-9298-b34a564ba544","ts":"2026-01-02T11:34:17.024+05:30","eventName":"n8n.node.started","message":"n8n.node.started","payload":{"workflowId":"QiQRSjroy4paPWll","workflowName":"GhostRight-Fetch-Archives","executionId":"114","nodeType":"n8n-nodes-base.webhook","nodeName":"Webhook","nodeId":"1bceef58-a2eb-479d-b22f-71280a7705ed"}}
{"__type":"$$EventMessageConfirm","confirm":"0b7f8ecf-fdb9-42f7-9298-b34a564ba544","ts":"2026-01-02T11:34:17.024+05:30","source":{"id":"0","name":"eventBus"}}
{"__type":"$$EventMessageNode","id":"423995ca-e2ef-47ea-b90c-b136df64331c","ts":"2026-01-02T11:34:17.025+05:30","eventName":"n8n.node.finished","message":"n8n.node.finished","payload":{"workflowId":"QiQRSjroy4paPWll","workflowName":"GhostRight-Fetch-Archives","executionId":"114","nodeType":"n8n-nodes-base.webhook","nodeName":"Webhook","nodeId":"1bceef58-a2eb-479d-b22f-71280a7705ed"}}
{"__type":"$$EventMessageConfirm","confirm":"423995ca-e2ef-47ea-b90c-b136df64331c","ts":"2026-01-02T11:34:17.025+05:30","source":{"id":"0","name":"eventBus"}}
{"__type":"$$EventMessageNode","id":"a00803d4-460a-4f8a-b05a-a8e41ef3fa3b","ts":"2026-01-02T11:34:17.025+05:30","eventName":"n8n.node.started","message":"n8n.node.started","payload":{"workflowId":"QiQRSjroy4paPWll","workflowName":"GhostRight-Fetch-Archives","executionId":"114","nodeType":"n8n-nodes-base.googleSheets","nodeName":"Get Rows(AllRows)","nodeId":"3730cf10-ff33-4e40-a8fb-86aca8ae033c"}}
{"__type":"$$EventMessageConfirm","confirm":"a00803d4-460a-4f8a-b05a-a8e41ef3fa3b","ts":"2026-01-02T11:34:17.025+05:30","source":{"id":"0","name":"eventBus"}}
{"__type":"$$EventMessageNode","id":"077a6ce9-3061-49d9-b9d1-be00d2a91f36","ts":"2026-01-02T11:34:21.089+05:30","eventName":"n8n.node.finished","message":"n8n.node.finished","payload":{"workflowId":"QiQRSjroy4paPWll","workflowName":"GhostRight-Fetch-Archives","executionId":"114","nodeType":"n8n-nodes-base.googleSheets","nodeName":"Get Rows(AllRows)","nodeId":"3730cf10-ff33-4e40-a8fb-86aca8ae033c"}}
{"__type":"$$EventMessageConfirm","confirm":"077a6ce9-3061-49d9-b9d1-be00d2a91f36","ts":"2026-01-02T11:34:21.089+05:30","source":{"id":"0","name":"eventBus"}}
{"__type":"$$EventMessageNode","id":"407c223c-976e-4f4b-80fa-bfe7426c1106","ts":"2026-01-02T11:34:21.089+05:30","eventName":"n8n.node.started","message":"n8n.node.started","payload":{"workflowId":"QiQRSjroy4paPWll","workflowName":"GhostRight-Fetch-Archives","executionId":"114","nodeType":"n8n-nodes-base.filter","nodeName":"Filter","nodeId":"71687b77-6e5a-49ab-a09d-d52db2dd15c4"}}
{"__type":"$$EventMessageConfirm","confirm":"407c223c-976e-4f4b-80fa-bfe7426c1106","ts":"2026-01-02T11:34:21.089+05:30","source":{"id":"0","name":"eventBus"}}
{"__type":"$$EventMessageNode","id":"c46dd000-e375-49e4-a4ef-2f57acd02c94","ts":"2026-01-02T11:34:21.094+05:30","eventName":"n8n.node.finished","message":"n8n.node.finished","payload":{"workflowId":"QiQRSjroy4paPWll","workflowName":"GhostRight-Fetch-Archives","executionId":"114","nodeType":"n8n-nodes-base.filter","nodeName":"Filter","nodeId":"71687b77-6e5a-49ab-a09d-d52db2dd15c4"}}
{"__type":"$$EventMessageConfirm","confirm":"c46dd000-e375-49e4-a4ef-2f57acd02c94","ts":"2026-01-02T11:34:21.095+05:30","source":{"id":"0","name":"eventBus"}}
{"__type":"$$EventMessageNode","id":"1a2832ea-c5a3-48f1-9a25-66740c9ed3fd","ts":"2026-01-02T11:34:21.095+05:30","eventName":"n8n.node.started","message":"n8n.node.started","payload":{"workflowId":"QiQRSjroy4paPWll","workflowName":"GhostRight-Fetch-Archives","executionId":"114","nodeType":"n8n-nodes-base.respondToWebhook","nodeName":"Respond to Webhook","nodeId":"d9c85685-6188-402b-b228-e1310ddadc69"}}
{"__type":"$$EventMessageConfirm","confirm":"1a2832ea-c5a3-48f1-9a25-66740c9ed3fd","ts":"2026-01-02T11:34:21.095+05:30","source":{"id":"0","name":"eventBus"}}
{"__type":"$$EventMessageNode","id":"eb39905a-99e8-449b-a4aa-fde074303995","ts":"2026-01-02T11:34:21.097+05:30","eventName":"n8n.node.finished","message":"n8n.node.finished","payload":{"workflowId":"QiQRSjroy4paPWll","workflowName":"GhostRight-Fetch-Archives","executionId":"114","nodeType":"n8n-nodes-base.respondToWebhook","nodeName":"Respond to Webhook","nodeId":"d9c85685-6188-402b-b228-e1310ddadc69"}}
{"__type":"$$EventMessageConfirm","confirm":"eb39905a-99e8-449b-a4aa-fde074303995","ts":"2026-01-02T11:34:21.098+05:30","source":{"id":"0","name":"eventBus"}}
{"__type":"$$EventMessageWorkflow","id":"75e20226-1e17-4600-a7a2-e80e1bafb92a","ts":"2026-01-02T11:34:21.098+05:30","eventName":"n8n.workflow.success","message":"n8n.workflow.success","payload":{"executionId":"114","success":true,"isManual":false,"workflowId":"QiQRSjroy4paPWll","workflowName":"GhostRight-Fetch-Archives"}}
{"__type":"$$EventMessageConfirm","confirm":"75e20226-1e17-4600-a7a2-e80e1bafb92a","ts":"2026-01-02T11:34:21.098+05:30","source":{"id":"0","name":"eventBus"}}
{"__type":"$$EventMessageWorkflow","id":"ad427c42-adfb-4be0-a1cc-c451ff776fc7","ts":"2026-01-02T11:44:42.951+05:30","eventName":"n8n.workflow.started","message":"n8n.workflow.started","payload":{"executionId":"115","workflowId":"QiQRSjroy4paPWll","isManual":false,"workflowName":"GhostRight-Fetch-Archives"}}
{"__type":"$$EventMessageConfirm","confirm":"ad427c42-adfb-4be0-a1cc-c451ff776fc7","ts":"2026-01-02T11:44:42.951+05:30","source":{"id":"0","name":"eventBus"}}
{"__type":"$$EventMessageNode","id":"a8574de4-817f-4f82-bc9b-d4641320d8f5","ts":"2026-01-02T11:44:42.952+05:30","eventName":"n8n.node.started","message":"n8n.node.started","payload":{"workflowId":"QiQRSjroy4paPWll","workflowName":"GhostRight-Fetch-Archives","executionId":"115","nodeType":"n8n-nodes-base.webhook","nodeName":"Webhook","nodeId":"1bceef58-a2eb-479d-b22f-71280a7705ed"}}
{"__type":"$$EventMessageConfirm","confirm":"a8574de4-817f-4f82-bc9b-d4641320d8f5","ts":"2026-01-02T11:44:42.953+05:30","source":{"id":"0","name":"eventBus"}}
{"__type":"$$EventMessageNode","id":"c0042395-6abb-4370-8faf-4af93cc419ac","ts":"2026-01-02T11:44:42.954+05:30","eventName":"n8n.node.finished","message":"n8n.node.finished","payload":{"workflowId":"QiQRSjroy4paPWll","workflowName":"GhostRight-Fetch-Archives","executionId":"115","nodeType":"n8n-nodes-base.webhook","nodeName":"Webhook","nodeId":"1bceef58-a2eb-479d-b22f-71280a7705ed"}}
{"__type":"$$EventMessageConfirm","confirm":"c0042395-6abb-4370-8faf-4af93cc419ac","ts":"2026-01-02T11:44:42.954+05:30","source":{"id":"0","name":"eventBus"}}
{"__type":"$$EventMessageNode","id":"4d04979f-1795-40ae-9d92-f479384e7338","ts":"2026-01-02T11:44:42.955+05:30","eventName":"n8n.node.started","message":"n8n.node.started","payload":{"workflowId":"QiQRSjroy4paPWll","workflowName":"GhostRight-Fetch-Archives","executionId":"115","nodeType":"n8n-nodes-base.googleSheets","nodeName":"Get Rows(AllRows)","nodeId":"3730cf10-ff33-4e40-a8fb-86aca8ae033c"}}
{"__type":"$$EventMessageConfirm","confirm":"4d04979f-1795-40ae-9d92-f479384e7338","ts":"2026-01-02T11:44:42.955+05:30","source":{"id":"0","name":"eventBus"}}
{"__type":"$$EventMessageNode","id":"a7682d6b-a27d-4986-a70c-336f984d8d6b","ts":"2026-01-02T11:44:45.258+05:30","eventName":"n8n.node.finished","message":"n8n.node.finished","payload":{"workflowId":"QiQRSjroy4paPWll","workflowName":"GhostRight-Fetch-Archives","executionId":"115","nodeType":"n8n-nodes-base.googleSheets","nodeName":"Get Rows(AllRows)","nodeId":"3730cf10-ff33-4e40-a8fb-86aca8ae033c"}}
{"__type":"$$EventMessageConfirm","confirm":"a7682d6b-a27d-4986-a70c-336f984d8d6b","ts":"2026-01-02T11:44:45.258+05:30","source":{"id":"0","name":"eventBus"}}
{"__type":"$$EventMessageNode","id":"e5661bb3-7a1a-423c-987c-0acf78a430de","ts":"2026-01-02T11:44:45.258+05:30","eventName":"n8n.node.started","message":"n8n.node.started","payload":{"workflowId":"QiQRSjroy4paPWll","workflowName":"GhostRight-Fetch-Archives","executionId":"115","nodeType":"n8n-nodes-base.filter","nodeName":"Filter","nodeId":"71687b77-6e5a-49ab-a09d-d52db2dd15c4"}}
{"__type":"$$EventMessageConfirm","confirm":"e5661bb3-7a1a-423c-987c-0acf78a430de","ts":"2026-01-02T11:44:45.258+05:30","source":{"id":"0","name":"eventBus"}}
{"__type":"$$EventMessageNode","id":"dfb52dfe-cc3c-4a93-8788-5fbcf46e1a6d","ts":"2026-01-02T11:44:45.265+05:30","eventName":"n8n.node.finished","message":"n8n.node.finished","payload":{"workflowId":"QiQRSjroy4paPWll","workflowName":"GhostRight-Fetch-Archives","executionId":"115","nodeType":"n8n-nodes-base.filter","nodeName":"Filter","nodeId":"71687b77-6e5a-49ab-a09d-d52db2dd15c4"}}
{"__type":"$$EventMessageConfirm","confirm":"dfb52dfe-cc3c-4a93-8788-5fbcf46e1a6d","ts":"2026-01-02T11:44:45.265+05:30","source":{"id":"0","name":"eventBus"}}
{"__type":"$$EventMessageNode","id":"e8ce8e64-4502-4b81-89f6-09a88c5ef802","ts":"2026-01-02T11:44:45.265+05:30","eventName":"n8n.node.started","message":"n8n.node.started","payload":{"workflowId":"QiQRSjroy4paPWll","workflowName":"GhostRight-Fetch-Archives","executionId":"115","nodeType":"n8n-nodes-base.respondToWebhook","nodeName":"Respond to Webhook","nodeId":"d9c85685-6188-402b-b228-e1310ddadc69"}}
{"__type":"$$EventMessageConfirm","confirm":"e8ce8e64-4502-4b81-89f6-09a88c5ef802","ts":"2026-01-02T11:44:45.265+05:30","source":{"id":"0","name":"eventBus"}}
{"__type":"$$EventMessageNode","id":"445cb2b8-3ff0-48fb-a855-60f244e922a4","ts":"2026-01-02T11:44:45.269+05:30","eventName":"n8n.node.finished","message":"n8n.node.finished","payload":{"workflowId":"QiQRSjroy4paPWll","workflowName":"GhostRight-Fetch-Archives","executionId":"115","nodeType":"n8n-nodes-base.respondToWebhook","nodeName":"Respond to Webhook","nodeId":"d9c85685-6188-402b-b228-e1310ddadc69"}}
{"__type":"$$EventMessageConfirm","confirm":"445cb2b8-3ff0-48fb-a855-60f244e922a4","ts":"2026-01-02T11:44:45.270+05:30","source":{"id":"0","name":"eventBus"}}
{"__type":"$$EventMessageWorkflow","id":"0095a9e1-8700-4a6d-a697-53daf7d6c1cf","ts":"2026-01-02T11:44:45.271+05:30","eventName":"n8n.workflow.success","message":"n8n.workflow.success","payload":{"executionId":"115","success":true,"isManual":false,"workflowId":"QiQRSjroy4paPWll","workflowName":"GhostRight-Fetch-Archives"}}
{"__type":"$$EventMessageConfirm","confirm":"0095a9e1-8700-4a6d-a697-53daf7d6c1cf","ts":"2026-01-02T11:44:45.271+05:30","source":{"id":"0","name":"eventBus"}}
{"__type":"$$EventMessageWorkflow","id":"3da6b30a-6d8e-4fed-bda7-bc04f034a940","ts":"2026-01-02T11:44:45.338+05:30","eventName":"n8n.workflow.started","message":"n8n.workflow.started","payload":{"executionId":"116","workflowId":"QiQRSjroy4paPWll","isManual":false,"workflowName":"GhostRight-Fetch-Archives"}}
{"__type":"$$EventMessageConfirm","confirm":"3da6b30a-6d8e-4fed-bda7-bc04f034a940","ts":"2026-01-02T11:44:45.338+05:30","source":{"id":"0","name":"eventBus"}}
{"__type":"$$EventMessageNode","id":"bb696022-9862-4e8d-8d03-375cb7434e3e","ts":"2026-01-02T11:44:45.338+05:30","eventName":"n8n.node.started","message":"n8n.node.started","payload":{"workflowId":"QiQRSjroy4paPWll","workflowName":"GhostRight-Fetch-Archives","executionId":"116","nodeType":"n8n-nodes-base.webhook","nodeName":"Webhook","nodeId":"1bceef58-a2eb-479d-b22f-71280a7705ed"}}
{"__type":"$$EventMessageConfirm","confirm":"bb696022-9862-4e8d-8d03-375cb7434e3e","ts":"2026-01-02T11:44:45.339+05:30","source":{"id":"0","name":"eventBus"}}
{"__type":"$$EventMessageNode","id":"017d4166-5029-4a7a-b700-ad98df6eded0","ts":"2026-01-02T11:44:45.339+05:30","eventName":"n8n.node.finished","message":"n8n.node.finished","payload":{"workflowId":"QiQRSjroy4paPWll","workflowName":"GhostRight-Fetch-Archives","executionId":"116","nodeType":"n8n-nodes-base.webhook","nodeName":"Webhook","nodeId":"1bceef58-a2eb-479d-b22f-71280a7705ed"}}
{"__type":"$$EventMessageConfirm","confirm":"017d4166-5029-4a7a-b700-ad98df6eded0","ts":"2026-01-02T11:44:45.339+05:30","source":{"id":"0","name":"eventBus"}}
{"__type":"$$EventMessageNode","id":"ec80548b-996d-445c-9169-1e0db58f3431","ts":"2026-01-02T11:44:45.339+05:30","eventName":"n8n.node.started","message":"n8n.node.started","payload":{"workflowId":"QiQRSjroy4paPWll","workflowName":"GhostRight-Fetch-Archives","executionId":"116","nodeType":"n8n-nodes-base.googleSheets","nodeName":"Get Rows(AllRows)","nodeId":"3730cf10-ff33-4e40-a8fb-86aca8ae033c"}}
{"__type":"$$EventMessageConfirm","confirm":"ec80548b-996d-445c-9169-1e0db58f3431","ts":"2026-01-02T11:44:45.339+05:30","source":{"id":"0","name":"eventBus"}}
{"__type":"$$EventMessageNode","id":"dc1edcf4-2706-482b-848a-b95f24f02ded","ts":"2026-01-02T11:44:47.743+05:30","eventName":"n8n.node.finished","message":"n8n.node.finished","payload":{"workflowId":"QiQRSjroy4paPWll","workflowName":"GhostRight-Fetch-Archives","executionId":"116","nodeType":"n8n-nodes-base.googleSheets","nodeName":"Get Rows(AllRows)","nodeId":"3730cf10-ff33-4e40-a8fb-86aca8ae033c"}}
{"__type":"$$EventMessageConfirm","confirm":"dc1edcf4-2706-482b-848a-b95f24f02ded","ts":"2026-01-02T11:44:47.743+05:30","source":{"id":"0","name":"eventBus"}}
{"__type":"$$EventMessageNode","id":"ced30957-8b30-4de4-b32d-1ad2426358a2","ts":"2026-01-02T11:44:47.743+05:30","eventName":"n8n.node.started","message":"n8n.node.started","payload":{"workflowId":"QiQRSjroy4paPWll","workflowName":"GhostRight-Fetch-Archives","executionId":"116","nodeType":"n8n-nodes-base.filter","nodeName":"Filter","nodeId":"71687b77-6e5a-49ab-a09d-d52db2dd15c4"}}
{"__type":"$$EventMessageConfirm","confirm":"ced30957-8b30-4de4-b32d-1ad2426358a2","ts":"2026-01-02T11:44:47.744+05:30","source":{"id":"0","name":"eventBus"}}
{"__type":"$$EventMessageNode","id":"e3a3df17-6013-4132-a5c3-2572a6e1f29a","ts":"2026-01-02T11:44:47.748+05:30","eventName":"n8n.node.finished","message":"n8n.node.finished","payload":{"workflowId":"QiQRSjroy4paPWll","workflowName":"GhostRight-Fetch-Archives","executionId":"116","nodeType":"n8n-nodes-base.filter","nodeName":"Filter","nodeId":"71687b77-6e5a-49ab-a09d-d52db2dd15c4"}}
{"__type":"$$EventMessageConfirm","confirm":"e3a3df17-6013-4132-a5c3-2572a6e1f29a","ts":"2026-01-02T11:44:47.748+05:30","source":{"id":"0","name":"eventBus"}}
{"__type":"$$EventMessageNode","id":"1b49f94e-0515-4e2d-9bc3-826643ae3ec1","ts":"2026-01-02T11:44:47.748+05:30","eventName":"n8n.node.started","message":"n8n.node.started","payload":{"workflowId":"QiQRSjroy4paPWll","workflowName":"GhostRight-Fetch-Archives","executionId":"116","nodeType":"n8n-nodes-base.respondToWebhook","nodeName":"Respond to Webhook","nodeId":"d9c85685-6188-402b-b228-e1310ddadc69"}}
{"__type":"$$EventMessageConfirm","confirm":"1b49f94e-0515-4e2d-9bc3-826643ae3ec1","ts":"2026-01-02T11:44:47.748+05:30","source":{"id":"0","name":"eventBus"}}
{"__type":"$$EventMessageNode","id":"793484e4-880c-44c6-8e4d-b8cccb07d502","ts":"2026-01-02T11:44:47.753+05:30","eventName":"n8n.node.finished","message":"n8n.node.finished","payload":{"workflowId":"QiQRSjroy4paPWll","workflowName":"GhostRight-Fetch-Archives","executionId":"116","nodeType":"n8n-nodes-base.respondToWebhook","nodeName":"Respond to Webhook","nodeId":"d9c85685-6188-402b-b228-e1310ddadc69"}}
{"__type":"$$EventMessageConfirm","confirm":"793484e4-880c-44c6-8e4d-b8cccb07d502","ts":"2026-01-02T11:44:47.753+05:30","source":{"id":"0","name":"eventBus"}}
{"__type":"$$EventMessageWorkflow","id":"651a67dc-4ace-4638-92f0-f19c21b0861e","ts":"2026-01-02T11:44:47.754+05:30","eventName":"n8n.workflow.success","message":"n8n.workflow.success","payload":{"executionId":"116","success":true,"isManual":false,"workflowId":"QiQRSjroy4paPWll","workflowName":"GhostRight-Fetch-Archives"}}
{"__type":"$$EventMessageConfirm","confirm":"651a67dc-4ace-4638-92f0-f19c21b0861e","ts":"2026-01-02T11:44:47.755+05:30","source":{"id":"0","name":"eventBus"}}
{"__type":"$$EventMessageWorkflow","id":"41ac6bc6-a0a5-42ce-b592-44e549fafaa8","ts":"2026-01-02T11:53:02.028+05:30","eventName":"n8n.workflow.started","message":"n8n.workflow.started","payload":{"executionId":"117","workflowId":"QiQRSjroy4paPWll","isManual":false,"workflowName":"GhostRight-Fetch-Archives"}}
{"__type":"$$EventMessageConfirm","confirm":"41ac6bc6-a0a5-42ce-b592-44e549fafaa8","ts":"2026-01-02T11:53:02.029+05:30","source":{"id":"0","name":"eventBus"}}
{"__type":"$$EventMessageNode","id":"92a4e60e-4c5b-4f25-8a30-3cf3a8936744","ts":"2026-01-02T11:53:02.029+05:30","eventName":"n8n.node.started","message":"n8n.node.started","payload":{"workflowId":"QiQRSjroy4paPWll","workflowName":"GhostRight-Fetch-Archives","executionId":"117","nodeType":"n8n-nodes-base.webhook","nodeName":"Webhook","nodeId":"1bceef58-a2eb-479d-b22f-71280a7705ed"}}
{"__type":"$$EventMessageConfirm","confirm":"92a4e60e-4c5b-4f25-8a30-3cf3a8936744","ts":"2026-01-02T11:53:02.030+05:30","source":{"id":"0","name":"eventBus"}}
{"__type":"$$EventMessageNode","id":"7b574c81-c4e4-4f25-86eb-f7ac6123fd71","ts":"2026-01-02T11:53:02.030+05:30","eventName":"n8n.node.finished","message":"n8n.node.finished","payload":{"workflowId":"QiQRSjroy4paPWll","workflowName":"GhostRight-Fetch-Archives","executionId":"117","nodeType":"n8n-nodes-base.webhook","nodeName":"Webhook","nodeId":"1bceef58-a2eb-479d-b22f-71280a7705ed"}}
{"__type":"$$EventMessageConfirm","confirm":"7b574c81-c4e4-4f25-86eb-f7ac6123fd71","ts":"2026-01-02T11:53:02.030+05:30","source":{"id":"0","name":"eventBus"}}
{"__type":"$$EventMessageNode","id":"37b5c17a-c4f7-4566-83b8-7dc765c92a95","ts":"2026-01-02T11:53:02.031+05:30","eventName":"n8n.node.started","message":"n8n.node.started","payload":{"workflowId":"QiQRSjroy4paPWll","workflowName":"GhostRight-Fetch-Archives","executionId":"117","nodeType":"n8n-nodes-base.googleSheets","nodeName":"Get Rows(AllRows)","nodeId":"3730cf10-ff33-4e40-a8fb-86aca8ae033c"}}
{"__type":"$$EventMessageConfirm","confirm":"37b5c17a-c4f7-4566-83b8-7dc765c92a95","ts":"2026-01-02T11:53:02.031+05:30","source":{"id":"0","name":"eventBus"}}
{"__type":"$$EventMessageNode","id":"5bad69c4-a620-44d3-8252-fd12bda8c984","ts":"2026-01-02T11:53:04.419+05:30","eventName":"n8n.node.finished","message":"n8n.node.finished","payload":{"workflowId":"QiQRSjroy4paPWll","workflowName":"GhostRight-Fetch-Archives","executionId":"117","nodeType":"n8n-nodes-base.googleSheets","nodeName":"Get Rows(AllRows)","nodeId":"3730cf10-ff33-4e40-a8fb-86aca8ae033c"}}
{"__type":"$$EventMessageConfirm","confirm":"5bad69c4-a620-44d3-8252-fd12bda8c984","ts":"2026-01-02T11:53:04.419+05:30","source":{"id":"0","name":"eventBus"}}
{"__type":"$$EventMessageWorkflow","id":"c079bee6-2cde-43ca-8275-28100e40af4a","ts":"2026-01-02T11:53:04.419+05:30","eventName":"n8n.workflow.success","message":"n8n.workflow.success","payload":{"executionId":"117","success":true,"isManual":false,"workflowId":"QiQRSjroy4paPWll","workflowName":"GhostRight-Fetch-Archives"}}
{"__type":"$$EventMessageConfirm","confirm":"c079bee6-2cde-43ca-8275-28100e40af4a","ts":"2026-01-02T11:53:04.419+05:30","source":{"id":"0","name":"eventBus"}}
{"__type":"$$EventMessageWorkflow","id":"4b6ec396-cf52-4069-8748-5715722deb2b","ts":"2026-01-02T11:53:04.546+05:30","eventName":"n8n.workflow.started","message":"n8n.workflow.started","payload":{"executionId":"118","workflowId":"QiQRSjroy4paPWll","isManual":false,"workflowName":"GhostRight-Fetch-Archives"}}
{"__type":"$$EventMessageConfirm","confirm":"4b6ec396-cf52-4069-8748-5715722deb2b","ts":"2026-01-02T11:53:04.546+05:30","source":{"id":"0","name":"eventBus"}}
{"__type":"$$EventMessageNode","id":"8ea852fc-7425-44cf-9408-075c812882f3","ts":"2026-01-02T11:53:04.546+05:30","eventName":"n8n.node.started","message":"n8n.node.started","payload":{"workflowId":"QiQRSjroy4paPWll","workflowName":"GhostRight-Fetch-Archives","executionId":"118","nodeType":"n8n-nodes-base.webhook","nodeName":"Webhook","nodeId":"1bceef58-a2eb-479d-b22f-71280a7705ed"}}
{"__type":"$$EventMessageConfirm","confirm":"8ea852fc-7425-44cf-9408-075c812882f3","ts":"2026-01-02T11:53:04.546+05:30","source":{"id":"0","name":"eventBus"}}
{"__type":"$$EventMessageNode","id":"b55aa7da-a72e-4a44-81fd-3e79944afe79","ts":"2026-01-02T11:53:04.546+05:30","eventName":"n8n.node.finished","message":"n8n.node.finished","payload":{"workflowId":"QiQRSjroy4paPWll","workflowName":"GhostRight-Fetch-Archives","executionId":"118","nodeType":"n8n-nodes-base.webhook","nodeName":"Webhook","nodeId":"1bceef58-a2eb-479d-b22f-71280a7705ed"}}
{"__type":"$$EventMessageConfirm","confirm":"b55aa7da-a72e-4a44-81fd-3e79944afe79","ts":"2026-01-02T11:53:04.547+05:30","source":{"id":"0","name":"eventBus"}}
{"__type":"$$EventMessageNode","id":"655a9240-c9a1-49d4-b7c9-f791d363217f","ts":"2026-01-02T11:53:04.547+05:30","eventName":"n8n.node.started","message":"n8n.node.started","payload":{"workflowId":"QiQRSjroy4paPWll","workflowName":"GhostRight-Fetch-Archives","executionId":"118","nodeType":"n8n-nodes-base.googleSheets","nodeName":"Get Rows(AllRows)","nodeId":"3730cf10-ff33-4e40-a8fb-86aca8ae033c"}}
{"__type":"$$EventMessageConfirm","confirm":"655a9240-c9a1-49d4-b7c9-f791d363217f","ts":"2026-01-02T11:53:04.547+05:30","source":{"id":"0","name":"eventBus"}}
{"__type":"$$EventMessageNode","id":"c7ca4287-34b0-4d9a-b81f-c2e6e7c1e8ec","ts":"2026-01-02T11:53:06.708+05:30","eventName":"n8n.node.finished","message":"n8n.node.finished","payload":{"workflowId":"QiQRSjroy4paPWll","workflowName":"GhostRight-Fetch-Archives","executionId":"118","nodeType":"n8n-nodes-base.googleSheets","nodeName":"Get Rows(AllRows)","nodeId":"3730cf10-ff33-4e40-a8fb-86aca8ae033c"}}
{"__type":"$$EventMessageConfirm","confirm":"c7ca4287-34b0-4d9a-b81f-c2e6e7c1e8ec","ts":"2026-01-02T11:53:06.708+05:30","source":{"id":"0","name":"eventBus"}}
{"__type":"$$EventMessageWorkflow","id":"1c4ca7f7-8af8-49b4-a1ba-d57ca4312233","ts":"2026-01-02T11:53:06.709+05:30","eventName":"n8n.workflow.success","message":"n8n.workflow.success","payload":{"executionId":"118","success":true,"isManual":false,"workflowId":"QiQRSjroy4paPWll","workflowName":"GhostRight-Fetch-Archives"}}
{"__type":"$$EventMessageConfirm","confirm":"1c4ca7f7-8af8-49b4-a1ba-d57ca4312233","ts":"2026-01-02T11:53:06.709+05:30","source":{"id":"0","name":"eventBus"}}
{"__type":"$$EventMessageWorkflow","id":"fe6377ce-64b0-4b61-b14c-c8f653a4f6d1","ts":"2026-01-02T11:58:35.338+05:30","eventName":"n8n.workflow.started","message":"n8n.workflow.started","payload":{"executionId":"119","workflowId":"QiQRSjroy4paPWll","isManual":false,"workflowName":"GhostRight-Fetch-Archives"}}
{"__type":"$$EventMessageConfirm","confirm":"fe6377ce-64b0-4b61-b14c-c8f653a4f6d1","ts":"2026-01-02T11:58:35.339+05:30","source":{"id":"0","name":"eventBus"}}
{"__type":"$$EventMessageNode","id":"3901f58c-bb7d-4d6c-acb9-f056af7e6329","ts":"2026-01-02T11:58:35.340+05:30","eventName":"n8n.node.started","message":"n8n.node.started","payload":{"workflowId":"QiQRSjroy4paPWll","workflowName":"GhostRight-Fetch-Archives","executionId":"119","nodeType":"n8n-nodes-base.webhook","nodeName":"Webhook","nodeId":"1bceef58-a2eb-479d-b22f-71280a7705ed"}}
{"__type":"$$EventMessageConfirm","confirm":"3901f58c-bb7d-4d6c-acb9-f056af7e6329","ts":"2026-01-02T11:58:35.340+05:30","source":{"id":"0","name":"eventBus"}}
{"__type":"$$EventMessageNode","id":"b5722ed4-9735-43c7-936c-425eef135d8a","ts":"2026-01-02T11:58:35.341+05:30","eventName":"n8n.node.finished","message":"n8n.node.finished","payload":{"workflowId":"QiQRSjroy4paPWll","workflowName":"GhostRight-Fetch-Archives","executionId":"119","nodeType":"n8n-nodes-base.webhook","nodeName":"Webhook","nodeId":"1bceef58-a2eb-479d-b22f-71280a7705ed"}}
{"__type":"$$EventMessageConfirm","confirm":"b5722ed4-9735-43c7-936c-425eef135d8a","ts":"2026-01-02T11:58:35.341+05:30","source":{"id":"0","name":"eventBus"}}
{"__type":"$$EventMessageNode","id":"1a9066b4-f9b6-4f33-bd89-8114873b130f","ts":"2026-01-02T11:58:35.342+05:30","eventName":"n8n.node.started","message":"n8n.node.started","payload":{"workflowId":"QiQRSjroy4paPWll","workflowName":"GhostRight-Fetch-Archives","executionId":"119","nodeType":"n8n-nodes-base.googleSheets","nodeName":"Get Rows(AllRows)","nodeId":"3730cf10-ff33-4e40-a8fb-86aca8ae033c"}}
{"__type":"$$EventMessageConfirm","confirm":"1a9066b4-f9b6-4f33-bd89-8114873b130f","ts":"2026-01-02T11:58:35.342+05:30","source":{"id":"0","name":"eventBus"}}
{"__type":"$$EventMessageNode","id":"342d7360-44b8-4861-9276-0657fcba3675","ts":"2026-01-02T11:58:37.564+05:30","eventName":"n8n.node.finished","message":"n8n.node.finished","payload":{"workflowId":"QiQRSjroy4paPWll","workflowName":"GhostRight-Fetch-Archives","executionId":"119","nodeType":"n8n-nodes-base.googleSheets","nodeName":"Get Rows(AllRows)","nodeId":"3730cf10-ff33-4e40-a8fb-86aca8ae033c"}}
{"__type":"$$EventMessageConfirm","confirm":"342d7360-44b8-4861-9276-0657fcba3675","ts":"2026-01-02T11:58:37.564+05:30","source":{"id":"0","name":"eventBus"}}
{"__type":"$$EventMessageWorkflow","id":"1513decb-ab11-4d47-a68b-a4c3fbe4cdbe","ts":"2026-01-02T11:58:37.565+05:30","eventName":"n8n.workflow.success","message":"n8n.workflow.success","payload":{"executionId":"119","success":true,"isManual":false,"workflowId":"QiQRSjroy4paPWll","workflowName":"GhostRight-Fetch-Archives"}}
{"__type":"$$EventMessageConfirm","confirm":"1513decb-ab11-4d47-a68b-a4c3fbe4cdbe","ts":"2026-01-02T11:58:37.565+05:30","source":{"id":"0","name":"eventBus"}}
{"__type":"$$EventMessageWorkflow","id":"ef72bb7c-91d1-44aa-a5fd-8bbd408e6840","ts":"2026-01-02T11:58:37.667+05:30","eventName":"n8n.workflow.started","message":"n8n.workflow.started","payload":{"executionId":"120","workflowId":"QiQRSjroy4paPWll","isManual":false,"workflowName":"GhostRight-Fetch-Archives"}}
{"__type":"$$EventMessageConfirm","confirm":"ef72bb7c-91d1-44aa-a5fd-8bbd408e6840","ts":"2026-01-02T11:58:37.667+05:30","source":{"id":"0","name":"eventBus"}}
{"__type":"$$EventMessageNode","id":"84bd2b6c-4627-4c3d-95d2-9f6064b808a1","ts":"2026-01-02T11:58:37.668+05:30","eventName":"n8n.node.started","message":"n8n.node.started","payload":{"workflowId":"QiQRSjroy4paPWll","workflowName":"GhostRight-Fetch-Archives","executionId":"120","nodeType":"n8n-nodes-base.webhook","nodeName":"Webhook","nodeId":"1bceef58-a2eb-479d-b22f-71280a7705ed"}}
{"__type":"$$EventMessageConfirm","confirm":"84bd2b6c-4627-4c3d-95d2-9f6064b808a1","ts":"2026-01-02T11:58:37.668+05:30","source":{"id":"0","name":"eventBus"}}
{"__type":"$$EventMessageNode","id":"9cfbc476-6bd5-48ef-8212-6302990dd18a","ts":"2026-01-02T11:58:37.668+05:30","eventName":"n8n.node.finished","message":"n8n.node.finished","payload":{"workflowId":"QiQRSjroy4paPWll","workflowName":"GhostRight-Fetch-Archives","executionId":"120","nodeType":"n8n-nodes-base.webhook","nodeName":"Webhook","nodeId":"1bceef58-a2eb-479d-b22f-71280a7705ed"}}
{"__type":"$$EventMessageConfirm","confirm":"9cfbc476-6bd5-48ef-8212-6302990dd18a","ts":"2026-01-02T11:58:37.668+05:30","source":{"id":"0","name":"eventBus"}}
{"__type":"$$EventMessageNode","id":"ab219b18-2ba0-4db7-b9d3-cc1b0ee8504a","ts":"2026-01-02T11:58:37.668+05:30","eventName":"n8n.node.started","message":"n8n.node.started","payload":{"workflowId":"QiQRSjroy4paPWll","workflowName":"GhostRight-Fetch-Archives","executionId":"120","nodeType":"n8n-nodes-base.googleSheets","nodeName":"Get Rows(AllRows)","nodeId":"3730cf10-ff33-4e40-a8fb-86aca8ae033c"}}
{"__type":"$$EventMessageConfirm","confirm":"ab219b18-2ba0-4db7-b9d3-cc1b0ee8504a","ts":"2026-01-02T11:58:37.668+05:30","source":{"id":"0","name":"eventBus"}}
{"__type":"$$EventMessageNode","id":"c58aa1df-bc4b-46bb-820f-1035b07e9c37","ts":"2026-01-02T11:58:39.918+05:30","eventName":"n8n.node.finished","message":"n8n.node.finished","payload":{"workflowId":"QiQRSjroy4paPWll","workflowName":"GhostRight-Fetch-Archives","executionId":"120","nodeType":"n8n-nodes-base.googleSheets","nodeName":"Get Rows(AllRows)","nodeId":"3730cf10-ff33-4e40-a8fb-86aca8ae033c"}}
{"__type":"$$EventMessageConfirm","confirm":"c58aa1df-bc4b-46bb-820f-1035b07e9c37","ts":"2026-01-02T11:58:39.918+05:30","source":{"id":"0","name":"eventBus"}}
{"__type":"$$EventMessageWorkflow","id":"40bf4ba0-44a1-4aed-ae44-78c02f804fb5","ts":"2026-01-02T11:58:39.918+05:30","eventName":"n8n.workflow.success","message":"n8n.workflow.success","payload":{"executionId":"120","success":true,"isManual":false,"workflowId":"QiQRSjroy4paPWll","workflowName":"GhostRight-Fetch-Archives"}}
{"__type":"$$EventMessageConfirm","confirm":"40bf4ba0-44a1-4aed-ae44-78c02f804fb5","ts":"2026-01-02T11:58:39.918+05:30","source":{"id":"0","name":"eventBus"}}
